2020-11-20 02:15:57 UTC,75.69,GROUP VOICE,END,BM3103-OBP,3103,3103,TS1,TG37030,SKYNET TG37030,3760025,NP3CM, Carlos A Melendez
2020-11-20 02:16:04 UTC,75.69,GROUP VOICE,END,AREDN KP4CA HBLINK,330500490,330500490,TS1,TG37030,SKYNET TG37030,3760025,NP3CM, Carlos A Melendez
2020-11-20 02:18:26 UTC,141.98,GROUP VOICE,END,BM3103-OBP,3103,3103,TS1,TG37030,SKYNET TG37030,3305008,KP4AP, Alberto E. Puig
2020-11-20 02:18:34 UTC,141.98,GROUP VOICE,END,AREDN KP4CA HBLINK,330500490,330500490,TS1,TG37030,SKYNET TG37030,3305008,KP4AP, Alberto E. Puig
2020-11-20 02:19:38 UTC,67.71,GROUP VOICE,END,BM3103-OBP,3103,3103,TS1,TG37030,SKYNET TG37030,3305008,KP4AP, Alberto E. Puig
2020-11-20 02:19:44 UTC,67.71,GROUP VOICE,END,AREDN KP4CA HBLINK,330500490,330500490,TS1,TG37030,SKYNET TG37030,3305008,KP4AP, Alberto E. Puig
2020-11-20 02:21:19 UTC,91.89,GROUP VOICE,END,BM3103-OBP,3103,3103,TS1,TG37030,SKYNET TG37030,3760025,NP3CM, Carlos A Melendez
2020-11-20 02:21:23 UTC,9.48,GROUP VOICE,END,BM3103-OBP,3103,3103,TS1,TG7227,ARGENTINA LINK TG7227,3300205,WP4QME, Judith Nieves Maisonave
2020-11-20 02:21:24 UTC,91.89,GROUP VOICE,END,AREDN KP4CA HBLINK,330500490,330500490,TS1,TG37030,SKYNET TG37030,3760025,NP3CM, Carlos A Melendez
2020-11-20 02:21:29 UTC,9.48,GROUP VOICE,END,AREDN KP4CA HBLINK,330500490,330500490,TS1,TG7227,ARGENTINA LINK TG7227,3300205,WP4QME, Judith Nieves Maisonave
2020-11-20 02:22:48 UTC,4.84,GROUP VOICE,END,BM3103-OBP,3103,3103,TS1,TG37030,SKYNET TG37030,3125656,KC1ICH, Niels J Lora
2020-11-20 02:22:54 UTC,4.84,GROUP VOICE,END,AREDN KP4CA HBLINK,330500490,330500490,TS1,TG37030,SKYNET TG37030,3125656,KC1ICH, Niels J Lora
2020-11-20 02:24:12 UTC,166.77,GROUP VOICE,END,BM3103-OBP,3103,3103,TS1,TG37030,SKYNET TG37030,3305008,KP4AP, Alberto E. Puig
2020-11-20 02:24:19 UTC,166.77,GROUP VOICE,END,AREDN KP4CA HBLINK,330500490,330500490,TS1,TG37030,SKYNET TG37030,3305008,KP4AP, Alberto E. Puig
2020-11-20 02:25:24 UTC,63.40,GROUP VOICE,END,BM3103-OBP,3103,3103,TS1,TG37030,SKYNET TG37030,3760025,NP3CM, Carlos A Melendez
2020-11-20 02:25:29 UTC,63.40,GROUP VOICE,END,AREDN KP4CA HBLINK,330500490,330500490,TS1,TG37030,SKYNET TG37030,3760025,NP3CM, Carlos A Melendez
2020-11-20 02:27:56 UTC,144.78,GROUP VOICE,END,BM3103-OBP,3103,3103,TS1,TG37030,SKYNET TG37030,3305008,KP4AP, Alberto E. Puig
2020-11-20 02:28:04 UTC,144.78,GROUP VOICE,END,AREDN KP4CA HBLINK,330500490,330500490,TS1,TG37030,SKYNET TG37030,3305008,KP4AP, Alberto E. Puig
2020-11-20 02:28:54 UTC,51.59,GROUP VOICE,END,BM3103-OBP,3103,3103,TS1,TG37030,SKYNET TG37030,3760025,NP3CM, Carlos A Melendez
2020-11-20 02:28:59 UTC,51.59,GROUP VOICE,END,AREDN KP4CA HBLINK,330500490,330500490,TS1,TG37030,SKYNET TG37030,3760025,NP3CM, Carlos A Melendez
2020-11-20 02:30:30 UTC,87.99,GROUP VOICE,END,BM3103-OBP,3103,3103,TS1,TG37030,SKYNET TG37030,3305008,KP4AP, Alberto E. Puig
2020-11-20 02:30:39 UTC,4.71,GROUP VOICE,END,BM3103-OBP,3103,3103,TS1,TG37030,SKYNET TG37030,3760025,NP3CM, Carlos A Melendez
2020-11-20 02:30:39 UTC,87.99,GROUP VOICE,END,AREDN KP4CA HBLINK,330500490,330500490,TS1,TG37030,SKYNET TG37030,3305008,KP4AP, Alberto E. Puig
2020-11-20 02:30:44 UTC,4.71,GROUP VOICE,END,AREDN KP4CA HBLINK,330500490,330500490,TS1,TG37030,SKYNET TG37030,3760025,NP3CM, Carlos A Melendez
2020-11-20 02:30:53 UTC,6.56,GROUP VOICE,END,BM3103-OBP,3103,3103,TS1,TG37030,SKYNET TG37030,3305008,KP4AP, Alberto E. Puig
2020-11-20 02:30:59 UTC,6.56,GROUP VOICE,END,AREDN KP4CA HBLINK,330500490,330500490,TS1,TG37030,SKYNET TG37030,3305008,KP4AP, Alberto E. Puig
2020-11-20 02:33:59 UTC,4.81,GROUP VOICE,END,BM3103-OBP,3103,3103,TS1,TG37030,SKYNET TG37030,3134893,N2DMJ, Daniel Moran
2020-11-20 02:34:04 UTC,4.81,GROUP VOICE,END,AREDN KP4CA HBLINK,330500490,330500490,TS1,TG37030,SKYNET TG37030,3134893,N2DMJ, Daniel Moran
2020-11-20 02:38:06 UTC,4.81,GROUP VOICE,END,BM3103-OBP,3103,3103,TS1,TG37030,SKYNET TG37030,3134893,N2DMJ, Daniel Moran
2020-11-20 02:38:14 UTC,4.81,GROUP VOICE,END,AREDN KP4CA HBLINK,330500490,330500490,TS1,TG37030,SKYNET TG37030,3134893,N2DMJ, Daniel Moran
2020-11-20 02:38:39 UTC,3.46,GROUP VOICE,END,BM3103-OBP,3103,3103,TS1,TG37030,SKYNET TG37030,3166178,WP3MD, Carlos Luciano
2020-11-20 02:38:44 UTC,3.46,GROUP VOICE,END,AREDN KP4CA HBLINK,330500490,330500490,TS1,TG37030,SKYNET TG37030,3166178,WP3MD, Carlos Luciano
2020-11-20 02:39:07 UTC,7.33,GROUP VOICE,END,BM3103-OBP,3103,3103,TS1,TG37030,SKYNET TG37030,3134893,N2DMJ, Daniel Moran
2020-11-20 02:39:14 UTC,7.33,GROUP VOICE,END,AREDN KP4CA HBLINK,330500490,330500490,TS1,TG37030,SKYNET TG37030,3134893,N2DMJ, Daniel Moran
2020-11-20 02:39:22 UTC,6.70,GROUP VOICE,END,BM3103-OBP,3103,3103,TS1,TG37030,SKYNET TG37030,3166178,WP3MD, Carlos Luciano
2020-11-20 02:39:29 UTC,6.70,GROUP VOICE,END,AREDN KP4CA HBLINK,330500490,330500490,TS1,TG37030,SKYNET TG37030,3166178,WP3MD, Carlos Luciano
2020-11-20 02:39:42 UTC,13.10,GROUP VOICE,END,BM3103-OBP,3103,3103,TS1,TG37030,SKYNET TG37030,3134893,N2DMJ, Daniel Moran
2020-11-20 02:39:49 UTC,13.10,GROUP VOICE,END,AREDN KP4CA HBLINK,330500490,330500490,TS1,TG37030,SKYNET TG37030,3134893,N2DMJ, Daniel Moran
2020-11-20 02:40:13 UTC,22.18,GROUP VOICE,END,BM3103-OBP,3103,3103,TS1,TG37030,SKYNET TG37030,3166178,WP3MD, Carlos Luciano
2020-11-20 02:40:19 UTC,22.18,GROUP VOICE,END,AREDN KP4CA HBLINK,330500490,330500490,TS1,TG37030,SKYNET TG37030,3166178,WP3MD, Carlos Luciano
2020-11-20 02:40:31 UTC,10.57,GROUP VOICE,END,BM3103-OBP,3103,3103,TS1,TG37030,SKYNET TG37030,3134893,N2DMJ, Daniel Moran
2020-11-20 02:40:39 UTC,10.57,GROUP VOICE,END,AREDN KP4CA HBLINK,330500490,330500490,TS1,TG37030,SKYNET TG37030,3134893,N2DMJ, Daniel Moran
2020-11-20 02:41:04 UTC,28.65,GROUP VOICE,END,BM3103-OBP,3103,3103,TS1,TG37030,SKYNET TG37030,3166178,WP3MD, Carlos Luciano
2020-11-20 02:41:09 UTC,28.65,GROUP VOICE,END,AREDN KP4CA HBLINK,330500490,330500490,TS1,TG37030,SKYNET TG37030,3166178,WP3MD, Carlos Luciano
2020-11-20 02:41:35 UTC,24.26,GROUP VOICE,END,BM3103-OBP,3103,3103,TS1,TG37030,SKYNET TG37030,3134893,N2DMJ, Daniel Moran
2020-11-20 02:41:44 UTC,24.26,GROUP VOICE,END,AREDN KP4CA HBLINK,330500490,330500490,TS1,TG37030,SKYNET TG37030,3134893,N2DMJ, Daniel Moran
2020-11-20 02:41:54 UTC,12.81,GROUP VOICE,END,BM3103-OBP,3103,3103,TS1,TG37030,SKYNET TG37030,3166178,WP3MD, Carlos Luciano
2020-11-20 02:41:59 UTC,12.81,GROUP VOICE,END,AREDN KP4CA HBLINK,330500490,330500490,TS1,TG37030,SKYNET TG37030,3166178,WP3MD, Carlos Luciano
2020-11-20 02:42:04 UTC,3.67,GROUP VOICE,END,BM3103-OBP,3103,3103,TS1,TG37030,SKYNET TG37030,3134893,N2DMJ, Daniel Moran
2020-11-20 02:42:09 UTC,3.67,GROUP VOICE,END,AREDN KP4CA HBLINK,330500490,330500490,TS1,TG37030,SKYNET TG37030,3134893,N2DMJ, Daniel Moran
2020-11-20 02:47:10 UTC,6.53,GROUP VOICE,END,BM3103-OBP,3103,3103,TS1,TG31012,QUADNET TG31012,3167715,K4ABX, Mike Lopez
2020-11-20 02:47:19 UTC,6.53,GROUP VOICE,END,AREDN KP4CA HBLINK,330500490,330500490,TS1,TG31012,QUADNET TG31012,3167715,K4ABX, Mike Lopez
2020-11-20 03:00:07 UTC,5.17,GROUP VOICE,END,BM3103-OBP,3103,3103,TS1,TG7225,ARG Multi-Protocolo TG7225,7220239,LU8ANB, Claudio Szt
2020-11-20 03:00:14 UTC,5.17,GROUP VOICE,END,AREDN KP4CA HBLINK,330500490,330500490,TS1,TG7225,ARG Multi-Protocolo TG7225,7220239,LU8ANB, Claudio Szt
2020-11-20 03:02:29 UTC,6.89,GROUP VOICE,END,BM3103-OBP,3103,3103,TS1,TG98006,AMSAT TG98006,3106860,N6RSX, Craig Fox
2020-11-20 03:02:34 UTC,6.89,GROUP VOICE,END,AREDN KP4CA HBLINK,330500490,330500490,TS1,TG98006,AMSAT TG98006,3106860,N6RSX, Craig Fox
2020-11-20 03:14:28 UTC,4.90,GROUP VOICE,END,BM3103-OBP,3103,3103,TS1,TG37030,SKYNET TG37030,3166178,WP3MD, Carlos Luciano
2020-11-20 03:14:34 UTC,4.90,GROUP VOICE,END,AREDN KP4CA HBLINK,330500490,330500490,TS1,TG37030,SKYNET TG37030,3166178,WP3MD, Carlos Luciano
2020-11-20 03:14:46 UTC,11.66,GROUP VOICE,END,BM3103-OBP,3103,3103,TS1,TG37030,SKYNET TG37030,3305008,KP4AP, Alberto E. Puig
2020-11-20 03:14:54 UTC,11.66,GROUP VOICE,END,AREDN KP4CA HBLINK,330500490,330500490,TS1,TG37030,SKYNET TG37030,3305008,KP4AP, Alberto E. Puig
2020-11-20 03:15:52 UTC,59.25,GROUP VOICE,END,BM3103-OBP,3103,3103,TS1,TG37030,SKYNET TG37030,3166178,WP3MD, Carlos Luciano
2020-11-20 03:15:59 UTC,59.25,GROUP VOICE,END,AREDN KP4CA HBLINK,330500490,330500490,TS1,TG37030,SKYNET TG37030,3166178,WP3MD, Carlos Luciano
2020-11-20 03:17:23 UTC,84.38,GROUP VOICE,END,BM3103-OBP,3103,3103,TS1,TG37030,SKYNET TG37030,3305008,KP4AP, Alberto E. Puig
2020-11-20 03:17:29 UTC,84.38,GROUP VOICE,END,AREDN KP4CA HBLINK,330500490,330500490,TS1,TG37030,SKYNET TG37030,3305008,KP4AP, Alberto E. Puig
2020-11-20 03:17:45 UTC,16.05,GROUP VOICE,END,BM3103-OBP,3103,3103,TS1,TG37030,SKYNET TG37030,3166178,WP3MD, Carlos Luciano
2020-11-20 03:17:54 UTC,16.05,GROUP VOICE,END,AREDN KP4CA HBLINK,330500490,330500490,TS1,TG37030,SKYNET TG37030,3166178,WP3MD, Carlos Luciano
2020-11-20 03:20:53 UTC,180.15,GROUP VOICE,END,BM3103-OBP,3103,3103,TS1,TG37030,SKYNET TG37030,3305008,KP4AP, Alberto E. Puig
2020-11-20 03:20:59 UTC,180.15,GROUP VOICE,END,AREDN KP4CA HBLINK,330500490,330500490,TS1,TG37030,SKYNET TG37030,3305008,KP4AP, Alberto E. Puig
2020-11-20 03:21:12 UTC,16.28,GROUP VOICE,END,BM3103-OBP,3103,3103,TS1,TG37030,SKYNET TG37030,3305008,KP4AP, Alberto E. Puig
2020-11-20 03:21:19 UTC,16.28,GROUP VOICE,END,AREDN KP4CA HBLINK,330500490,330500490,TS1,TG37030,SKYNET TG37030,3305008,KP4AP, Alberto E. Puig
2020-11-20 03:22:23 UTC,65.36,GROUP VOICE,END,BM3103-OBP,3103,3103,TS1,TG37030,SKYNET TG37030,3166178,WP3MD, Carlos Luciano
2020-11-20 03:22:29 UTC,65.36,GROUP VOICE,END,AREDN KP4CA HBLINK,330500490,330500490,TS1,TG37030,SKYNET TG37030,3166178,WP3MD, Carlos Luciano
2020-11-20 03:24:32 UTC,121.80,GROUP VOICE,END,BM3103-OBP,3103,3103,TS1,TG37030,SKYNET TG37030,3305008,KP4AP, Alberto E. Puig
2020-11-20 03:24:39 UTC,121.80,GROUP VOICE,END,AREDN KP4CA HBLINK,330500490,330500490,TS1,TG37030,SKYNET TG37030,3305008,KP4AP, Alberto E. Puig
2020-11-20 03:24:56 UTC,17.60,GROUP VOICE,END,BM3103-OBP,3103,3103,TS1,TG37030,SKYNET TG37030,3166178,WP3MD, Carlos Luciano
2020-11-20 03:25:04 UTC,17.60,GROUP VOICE,END,AREDN KP4CA HBLINK,330500490,330500490,TS1,TG37030,SKYNET TG37030,3166178,WP3MD, Carlos Luciano
2020-11-20 03:25:30 UTC,3.78,GROUP VOICE,END,BM3103-OBP,3103,3103,TS1,TG37030,SKYNET TG37030,3166178,WP3MD, Carlos Luciano
2020-11-20 03:25:39 UTC,3.78,GROUP VOICE,END,AREDN KP4CA HBLINK,330500490,330500490,TS1,TG37030,SKYNET TG37030,3166178,WP3MD, Carlos Luciano
2020-11-20 03:25:53 UTC,48.70,GROUP VOICE,END,BM3103-OBP,3103,3103,TS1,TG37030,SKYNET TG37030,3305008,KP4AP, Alberto E. Puig
2020-11-20 03:25:59 UTC,48.70,GROUP VOICE,END,AREDN KP4CA HBLINK,330500490,330500490,TS1,TG37030,SKYNET TG37030,3305008,KP4AP, Alberto E. Puig
2020-11-20 03:26:26 UTC,4.14,GROUP VOICE,END,BM3103-OBP,3103,3103,TS1,TG37030,SKYNET TG37030,3166178,WP3MD, Carlos Luciano
2020-11-20 03:26:34 UTC,4.14,GROUP VOICE,END,AREDN KP4CA HBLINK,330500490,330500490,TS1,TG37030,SKYNET TG37030,3166178,WP3MD, Carlos Luciano
2020-11-20 03:26:54 UTC,21.73,GROUP VOICE,END,BM3103-OBP,3103,3103,TS1,TG37030,SKYNET TG37030,3305008,KP4AP, Alberto E. Puig
2020-11-20 03:26:59 UTC,21.73,GROUP VOICE,END,AREDN KP4CA HBLINK,330500490,330500490,TS1,TG37030,SKYNET TG37030,3305008,KP4AP, Alberto E. Puig
2020-11-20 03:27:23 UTC,21.44,GROUP VOICE,END,BM3103-OBP,3103,3103,TS1,TG37030,SKYNET TG37030,3166178,WP3MD, Carlos Luciano
2020-11-20 03:27:29 UTC,21.44,GROUP VOICE,END,AREDN KP4CA HBLINK,330500490,330500490,TS1,TG37030,SKYNET TG37030,3166178,WP3MD, Carlos Luciano
2020-11-20 03:30:02 UTC,150.99,GROUP VOICE,END,BM3103-OBP,3103,3103,TS1,TG37030,SKYNET TG37030,3305008,KP4AP, Alberto E. Puig
2020-11-20 03:30:09 UTC,150.99,GROUP VOICE,END,AREDN KP4CA HBLINK,330500490,330500490,TS1,TG37030,SKYNET TG37030,3305008,KP4AP, Alberto E. Puig
2020-11-20 03:31:32 UTC,85.80,GROUP VOICE,END,BM3103-OBP,3103,3103,TS1,TG37030,SKYNET TG37030,3305008,KP4AP, Alberto E. Puig
2020-11-20 03:31:39 UTC,85.80,GROUP VOICE,END,AREDN KP4CA HBLINK,330500490,330500490,TS1,TG37030,SKYNET TG37030,3305008,KP4AP, Alberto E. Puig
2020-11-20 03:32:34 UTC,54.92,GROUP VOICE,END,BM3103-OBP,3103,3103,TS1,TG37030,SKYNET TG37030,3166178,WP3MD, Carlos Luciano
2020-11-20 03:32:39 UTC,54.92,GROUP VOICE,END,AREDN KP4CA HBLINK,330500490,330500490,TS1,TG37030,SKYNET TG37030,3166178,WP3MD, Carlos Luciano
2020-11-20 03:34:33 UTC,112.46,GROUP VOICE,END,BM3103-OBP,3103,3103,TS1,TG37030,SKYNET TG37030,3305008,KP4AP, Alberto E. Puig
2020-11-20 03:34:39 UTC,112.46,GROUP VOICE,END,AREDN KP4CA HBLINK,330500490,330500490,TS1,TG37030,SKYNET TG37030,3305008,KP4AP, Alberto E. Puig
2020-11-20 03:35:24 UTC,43.33,GROUP VOICE,END,BM3103-OBP,3103,3103,TS1,TG37030,SKYNET TG37030,3166178,WP3MD, Carlos Luciano
2020-11-20 03:35:29 UTC,43.33,GROUP VOICE,END,AREDN KP4CA HBLINK,330500490,330500490,TS1,TG37030,SKYNET TG37030,3166178,WP3MD, Carlos Luciano
2020-11-20 03:37:19 UTC,108.09,GROUP VOICE,END,BM3103-OBP,3103,3103,TS1,TG37030,SKYNET TG37030,3305008,KP4AP, Alberto E. Puig
2020-11-20 03:37:24 UTC,108.09,GROUP VOICE,END,AREDN KP4CA HBLINK,330500490,330500490,TS1,TG37030,SKYNET TG37030,3305008,KP4AP, Alberto E. Puig
2020-11-20 03:39:18 UTC,115.67,GROUP VOICE,END,BM3103-OBP,3103,3103,TS1,TG37030,SKYNET TG37030,3305008,KP4AP, Alberto E. Puig
2020-11-20 03:39:24 UTC,115.67,GROUP VOICE,END,AREDN KP4CA HBLINK,330500490,330500490,TS1,TG37030,SKYNET TG37030,3305008,KP4AP, Alberto E. Puig
2020-11-20 03:39:44 UTC,18.19,GROUP VOICE,END,BM3103-OBP,3103,3103,TS1,TG37030,SKYNET TG37030,3166178,WP3MD, Carlos Luciano
2020-11-20 03:39:49 UTC,18.19,GROUP VOICE,END,AREDN KP4CA HBLINK,330500490,330500490,TS1,TG37030,SKYNET TG37030,3166178,WP3MD, Carlos Luciano
2020-11-20 03:41:02 UTC,69.96,GROUP VOICE,END,BM3103-OBP,3103,3103,TS1,TG37030,SKYNET TG37030,3305008,KP4AP, Alberto E. Puig
2020-11-20 03:41:09 UTC,69.96,GROUP VOICE,END,AREDN KP4CA HBLINK,330500490,330500490,TS1,TG37030,SKYNET TG37030,3305008,KP4AP, Alberto E. Puig
2020-11-20 03:41:21 UTC,13.89,GROUP VOICE,END,BM3103-OBP,3103,3103,TS1,TG37030,SKYNET TG37030,3166178,WP3MD, Carlos Luciano
2020-11-20 03:41:29 UTC,13.89,GROUP VOICE,END,AREDN KP4CA HBLINK,330500490,330500490,TS1,TG37030,SKYNET TG37030,3166178,WP3MD, Carlos Luciano
2020-11-20 03:41:58 UTC,3.38,GROUP VOICE,END,BM3103-OBP,3103,3103,TS1,TG37030,SKYNET TG37030,2140638,2140638
2020-11-20 03:42:04 UTC,3.38,GROUP VOICE,END,AREDN KP4CA HBLINK,330500490,330500490,TS1,TG37030,SKYNET TG37030,2140638,2140638
2020-11-20 03:43:53 UTC,145.23,GROUP VOICE,END,BM3103-OBP,3103,3103,TS1,TG37030,SKYNET TG37030,3305008,KP4AP, Alberto E. Puig
2020-11-20 03:43:59 UTC,145.23,GROUP VOICE,END,AREDN KP4CA HBLINK,330500490,330500490,TS1,TG37030,SKYNET TG37030,3305008,KP4AP, Alberto E. Puig
2020-11-20 03:44:57 UTC,57.09,GROUP VOICE,END,BM3103-OBP,3103,3103,TS1,TG37030,SKYNET TG37030,3166178,WP3MD, Carlos Luciano
2020-11-20 03:45:04 UTC,57.09,GROUP VOICE,END,AREDN KP4CA HBLINK,330500490,330500490,TS1,TG37030,SKYNET TG37030,3166178,WP3MD, Carlos Luciano
2020-11-20 03:46:55 UTC,110.99,GROUP VOICE,END,BM3103-OBP,3103,3103,TS1,TG37030,SKYNET TG37030,3305008,KP4AP, Alberto E. Puig
2020-11-20 03:47:04 UTC,110.99,GROUP VOICE,END,AREDN KP4CA HBLINK,330500490,330500490,TS1,TG37030,SKYNET TG37030,3305008,KP4AP, Alberto E. Puig
2020-11-20 03:47:56 UTC,53.84,GROUP VOICE,END,BM3103-OBP,3103,3103,TS1,TG37030,SKYNET TG37030,3166178,WP3MD, Carlos Luciano
2020-11-20 03:48:04 UTC,53.84,GROUP VOICE,END,AREDN KP4CA HBLINK,330500490,330500490,TS1,TG37030,SKYNET TG37030,3166178,WP3MD, Carlos Luciano
2020-11-20 03:49:44 UTC,101.27,GROUP VOICE,END,BM3103-OBP,3103,3103,TS1,TG37030,SKYNET TG37030,3305008,KP4AP, Alberto E. Puig
2020-11-20 03:49:49 UTC,101.27,GROUP VOICE,END,AREDN KP4CA HBLINK,330500490,330500490,TS1,TG37030,SKYNET TG37030,3305008,KP4AP, Alberto E. Puig
2020-11-20 03:51:30 UTC,100.29,GROUP VOICE,END,BM3103-OBP,3103,3103,TS1,TG37030,SKYNET TG37030,3166178,WP3MD, Carlos Luciano
2020-11-20 03:51:39 UTC,100.29,GROUP VOICE,END,AREDN KP4CA HBLINK,330500490,330500490,TS1,TG37030,SKYNET TG37030,3166178,WP3MD, Carlos Luciano
2020-11-20 03:54:11 UTC,154.52,GROUP VOICE,END,BM3103-OBP,3103,3103,TS1,TG37030,SKYNET TG37030,3305008,KP4AP, Alberto E. Puig
2020-11-20 03:54:19 UTC,3.80,GROUP VOICE,END,BM3103-OBP,3103,3103,TS1,TG37030,SKYNET TG37030,3166178,WP3MD, Carlos Luciano
2020-11-20 03:54:19 UTC,154.52,GROUP VOICE,END,AREDN KP4CA HBLINK,330500490,330500490,TS1,TG37030,SKYNET TG37030,3305008,KP4AP, Alberto E. Puig
2020-11-20 03:54:24 UTC,3.80,GROUP VOICE,END,AREDN KP4CA HBLINK,330500490,330500490,TS1,TG37030,SKYNET TG37030,3166178,WP3MD, Carlos Luciano
2020-11-20 04:00:08 UTC,5.18,GROUP VOICE,END,BM3103-OBP,3103,3103,TS1,TG7225,ARG Multi-Protocolo TG7225,7220239,LU8ANB, Claudio Szt
2020-11-20 04:00:14 UTC,5.18,GROUP VOICE,END,AREDN KP4CA HBLINK,330500490,330500490,TS1,TG7225,ARG Multi-Protocolo TG7225,7220239,LU8ANB, Claudio Szt
2020-11-20 04:14:47 UTC,4.45,GROUP VOICE,END,BM3103-OBP,3103,3103,TS1,TG37030,SKYNET TG37030,3134893,N2DMJ, Daniel Moran
2020-11-20 04:14:54 UTC,4.45,GROUP VOICE,END,AREDN KP4CA HBLINK,330500490,330500490,TS1,TG37030,SKYNET TG37030,3134893,N2DMJ, Daniel Moran
2020-11-20 04:19:16 UTC,3.72,GROUP VOICE,END,BM3103-OBP,3103,3103,TS1,TG37030,SKYNET TG37030,3305008,KP4AP, Alberto E. Puig
2020-11-20 04:19:24 UTC,3.72,GROUP VOICE,END,AREDN KP4CA HBLINK,330500490,330500490,TS1,TG37030,SKYNET TG37030,3305008,KP4AP, Alberto E. Puig
2020-11-20 04:28:33 UTC,7.96,GROUP VOICE,END,BM3103-OBP,3103,3103,TS1,TG37030,SKYNET TG37030,3305008,KP4AP, Alberto E. Puig
2020-11-20 04:28:39 UTC,7.96,GROUP VOICE,END,AREDN KP4CA HBLINK,330500490,330500490,TS1,TG37030,SKYNET TG37030,3305008,KP4AP, Alberto E. Puig
2020-11-20 04:28:58 UTC,4.00,GROUP VOICE,END,BM3103-OBP,3103,3103,TS1,TG37030,SKYNET TG37030,3305008,KP4AP, Alberto E. Puig
2020-11-20 04:29:04 UTC,4.00,GROUP VOICE,END,AREDN KP4CA HBLINK,330500490,330500490,TS1,TG37030,SKYNET TG37030,3305008,KP4AP, Alberto E. Puig
2020-11-20 04:56:23 UTC,12.02,GROUP VOICE,END,BM3103-OBP,3103,3103,TS1,TG37030,SKYNET TG37030,3152611,N1LIU, William Rodriguez
2020-11-20 04:56:29 UTC,12.02,GROUP VOICE,END,AREDN KP4CA HBLINK,330500490,330500490,TS1,TG37030,SKYNET TG37030,3152611,N1LIU, William Rodriguez
2020-11-20 04:56:36 UTC,5.53,GROUP VOICE,END,BM3103-OBP,3103,3103,TS1,TG37030,SKYNET TG37030,3152611,N1LIU, William Rodriguez
2020-11-20 04:56:44 UTC,5.53,GROUP VOICE,END,AREDN KP4CA HBLINK,330500490,330500490,TS1,TG37030,SKYNET TG37030,3152611,N1LIU, William Rodriguez
2020-11-20 05:00:07 UTC,5.17,GROUP VOICE,END,BM3103-OBP,3103,3103,TS1,TG7225,ARG Multi-Protocolo TG7225,7220239,LU8ANB, Claudio Szt
2020-11-20 05:00:14 UTC,5.17,GROUP VOICE,END,AREDN KP4CA HBLINK,330500490,330500490,TS1,TG7225,ARG Multi-Protocolo TG7225,7220239,LU8ANB, Claudio Szt
2020-11-20 05:37:14 UTC,16.10,GROUP VOICE,END,BM3103-OBP,3103,3103,TS1,TG7227,ARGENTINA LINK TG7227,2147676,2147676
2020-11-20 05:37:19 UTC,16.10,GROUP VOICE,END,AREDN KP4CA HBLINK,330500490,330500490,TS1,TG7227,ARGENTINA LINK TG7227,2147676,2147676
2020-11-20 05:37:44 UTC,14.11,GROUP VOICE,END,BM3103-OBP,3103,3103,TS1,TG7227,ARGENTINA LINK TG7227,2147676,2147676
2020-11-20 05:37:49 UTC,14.11,GROUP VOICE,END,AREDN KP4CA HBLINK,330500490,330500490,TS1,TG7227,ARGENTINA LINK TG7227,2147676,2147676
2020-11-20 05:39:44 UTC,6.92,GROUP VOICE,END,BM3103-OBP,3103,3103,TS1,TG7227,ARGENTINA LINK TG7227,2147676,2147676
2020-11-20 05:39:49 UTC,6.92,GROUP VOICE,END,AREDN KP4CA HBLINK,330500490,330500490,TS1,TG7227,ARGENTINA LINK TG7227,2147676,2147676
2020-11-20 05:40:14 UTC,6.62,GROUP VOICE,END,BM3103-OBP,3103,3103,TS1,TG7227,ARGENTINA LINK TG7227,2147676,2147676
2020-11-20 05:40:19 UTC,6.62,GROUP VOICE,END,AREDN KP4CA HBLINK,330500490,330500490,TS1,TG7227,ARGENTINA LINK TG7227,2147676,2147676
2020-11-20 06:00:08 UTC,5.21,GROUP VOICE,END,BM3103-OBP,3103,3103,TS1,TG7225,ARG Multi-Protocolo TG7225,7220239,LU8ANB, Claudio Szt
2020-11-20 06:00:14 UTC,5.21,GROUP VOICE,END,AREDN KP4CA HBLINK,330500490,330500490,TS1,TG7225,ARG Multi-Protocolo TG7225,7220239,LU8ANB, Claudio Szt
2020-11-20 07:00:07 UTC,5.16,GROUP VOICE,END,BM3103-OBP,3103,3103,TS1,TG7225,ARG Multi-Protocolo TG7225,7220239,LU8ANB, Claudio Szt
2020-11-20 07:00:14 UTC,5.16,GROUP VOICE,END,AREDN KP4CA HBLINK,330500490,330500490,TS1,TG7225,ARG Multi-Protocolo TG7225,7220239,LU8ANB, Claudio Szt
2020-11-20 08:00:07 UTC,5.15,GROUP VOICE,END,BM3103-OBP,3103,3103,TS1,TG7225,ARG Multi-Protocolo TG7225,7220239,LU8ANB, Claudio Szt
2020-11-20 08:00:14 UTC,5.15,GROUP VOICE,END,AREDN KP4CA HBLINK,330500490,330500490,TS1,TG7225,ARG Multi-Protocolo TG7225,7220239,LU8ANB, Claudio Szt
2020-11-20 08:46:25 UTC,9.89,GROUP VOICE,END,BM3103-OBP,3103,3103,TS1,TG31012,QUADNET TG31012,31012,31012
2020-11-20 08:46:34 UTC,9.89,GROUP VOICE,END,AREDN KP4CA HBLINK,330500490,330500490,TS1,TG31012,QUADNET TG31012,31012,31012
2020-11-20 08:47:05 UTC,10.90,GROUP VOICE,END,BM3103-OBP,3103,3103,TS1,TG31012,QUADNET TG31012,31012,31012
2020-11-20 08:47:14 UTC,10.90,GROUP VOICE,END,AREDN KP4CA HBLINK,330500490,330500490,TS1,TG31012,QUADNET TG31012,31012,31012
2020-11-20 08:47:16 UTC,4.40,GROUP VOICE,END,BM3103-OBP,3103,3103,TS1,TG31012,QUADNET TG31012,3135334,W0SUN, William D Buckwalter
2020-11-20 08:47:24 UTC,4.40,GROUP VOICE,END,AREDN KP4CA HBLINK,330500490,330500490,TS1,TG31012,QUADNET TG31012,3135334,W0SUN, William D Buckwalter
2020-11-20 08:47:55 UTC,33.49,GROUP VOICE,END,BM3103-OBP,3103,3103,TS1,TG31012,QUADNET TG31012,3135334,W0SUN, William D Buckwalter
2020-11-20 08:48:04 UTC,33.49,GROUP VOICE,END,AREDN KP4CA HBLINK,330500490,330500490,TS1,TG31012,QUADNET TG31012,3135334,W0SUN, William D Buckwalter
2020-11-20 08:48:32 UTC,33.41,GROUP VOICE,END,BM3103-OBP,3103,3103,TS1,TG31012,QUADNET TG31012,31012,31012
2020-11-20 08:48:39 UTC,33.41,GROUP VOICE,END,AREDN KP4CA HBLINK,330500490,330500490,TS1,TG31012,QUADNET TG31012,31012,31012
2020-11-20 08:49:17 UTC,38.99,GROUP VOICE,END,BM3103-OBP,3103,3103,TS1,TG31012,QUADNET TG31012,3135334,W0SUN, William D Buckwalter
2020-11-20 08:49:24 UTC,38.99,GROUP VOICE,END,AREDN KP4CA HBLINK,330500490,330500490,TS1,TG31012,QUADNET TG31012,3135334,W0SUN, William D Buckwalter
2020-11-20 08:49:48 UTC,25.59,GROUP VOICE,END,BM3103-OBP,3103,3103,TS1,TG31012,QUADNET TG31012,31012,31012
2020-11-20 08:49:54 UTC,25.59,GROUP VOICE,END,AREDN KP4CA HBLINK,330500490,330500490,TS1,TG31012,QUADNET TG31012,31012,31012
2020-11-20 08:50:39 UTC,38.99,GROUP VOICE,END,BM3103-OBP,3103,3103,TS1,TG31012,QUADNET TG31012,3135334,W0SUN, William D Buckwalter
2020-11-20 08:50:44 UTC,38.99,GROUP VOICE,END,AREDN KP4CA HBLINK,330500490,330500490,TS1,TG31012,QUADNET TG31012,3135334,W0SUN, William D Buckwalter
2020-11-20 08:51:44 UTC,63.27,GROUP VOICE,END,BM3103-OBP,3103,3103,TS1,TG31012,QUADNET TG31012,31012,31012
2020-11-20 08:51:49 UTC,63.27,GROUP VOICE,END,AREDN KP4CA HBLINK,330500490,330500490,TS1,TG31012,QUADNET TG31012,31012,31012
2020-11-20 08:53:01 UTC,69.81,GROUP VOICE,END,BM3103-OBP,3103,3103,TS1,TG31012,QUADNET TG31012,3135334,W0SUN, William D Buckwalter
2020-11-20 08:53:09 UTC,69.81,GROUP VOICE,END,AREDN KP4CA HBLINK,330500490,330500490,TS1,TG31012,QUADNET TG31012,3135334,W0SUN, William D Buckwalter
2020-11-20 08:53:15 UTC,10.18,GROUP VOICE,END,BM3103-OBP,3103,3103,TS1,TG31012,QUADNET TG31012,31012,31012
2020-11-20 08:53:24 UTC,10.18,GROUP VOICE,END,AREDN KP4CA HBLINK,330500490,330500490,TS1,TG31012,QUADNET TG31012,31012,31012
2020-11-20 08:54:17 UTC,33.30,GROUP VOICE,END,BM3103-OBP,3103,3103,TS1,TG31012,QUADNET TG31012,31012,31012
2020-11-20 08:54:24 UTC,33.30,GROUP VOICE,END,AREDN KP4CA HBLINK,330500490,330500490,TS1,TG31012,QUADNET TG31012,31012,31012
2020-11-20 08:54:40 UTC,18.59,GROUP VOICE,END,BM3103-OBP,3103,3103,TS1,TG31012,QUADNET TG31012,3135334,W0SUN, William D Buckwalter
2020-11-20 08:54:49 UTC,18.59,GROUP VOICE,END,AREDN KP4CA HBLINK,330500490,330500490,TS1,TG31012,QUADNET TG31012,3135334,W0SUN, William D Buckwalter
2020-11-20 08:55:08 UTC,24.99,GROUP VOICE,END,BM3103-OBP,3103,3103,TS1,TG31012,QUADNET TG31012,31012,31012
2020-11-20 08:55:14 UTC,24.99,GROUP VOICE,END,AREDN KP4CA HBLINK,330500490,330500490,TS1,TG31012,QUADNET TG31012,31012,31012
2020-11-20 08:55:56 UTC,41.39,GROUP VOICE,END,BM3103-OBP,3103,3103,TS1,TG31012,QUADNET TG31012,3135334,W0SUN, William D Buckwalter
2020-11-20 08:56:04 UTC,41.39,GROUP VOICE,END,AREDN KP4CA HBLINK,330500490,330500490,TS1,TG31012,QUADNET TG31012,3135334,W0SUN, William D Buckwalter
2020-11-20 08:56:37 UTC,37.99,GROUP VOICE,END,BM3103-OBP,3103,3103,TS1,TG31012,QUADNET TG31012,31012,31012
2020-11-20 08:56:44 UTC,37.99,GROUP VOICE,END,AREDN KP4CA HBLINK,330500490,330500490,TS1,TG31012,QUADNET TG31012,31012,31012
2020-11-20 08:56:47 UTC,5.19,GROUP VOICE,END,BM3103-OBP,3103,3103,TS1,TG31012,QUADNET TG31012,3135334,W0SUN, William D Buckwalter
2020-11-20 08:56:54 UTC,5.19,GROUP VOICE,END,AREDN KP4CA HBLINK,330500490,330500490,TS1,TG31012,QUADNET TG31012,3135334,W0SUN, William D Buckwalter
2020-11-20 08:57:01 UTC,11.00,GROUP VOICE,END,BM3103-OBP,3103,3103,TS1,TG31012,QUADNET TG31012,31012,31012
2020-11-20 08:57:09 UTC,11.00,GROUP VOICE,END,AREDN KP4CA HBLINK,330500490,330500490,TS1,TG31012,QUADNET TG31012,31012,31012
2020-11-20 08:57:14 UTC,8.30,GROUP VOICE,END,BM3103-OBP,3103,3103,TS1,TG31012,QUADNET TG31012,31012,31012
2020-11-20 08:57:19 UTC,8.30,GROUP VOICE,END,AREDN KP4CA HBLINK,330500490,330500490,TS1,TG31012,QUADNET TG31012,31012,31012
2020-11-20 08:58:02 UTC,43.39,GROUP VOICE,END,BM3103-OBP,3103,3103,TS1,TG31012,QUADNET TG31012,3135334,W0SUN, William D Buckwalter
2020-11-20 08:58:09 UTC,43.39,GROUP VOICE,END,AREDN KP4CA HBLINK,330500490,330500490,TS1,TG31012,QUADNET TG31012,3135334,W0SUN, William D Buckwalter
2020-11-20 08:58:21 UTC,16.29,GROUP VOICE,END,BM3103-OBP,3103,3103,TS1,TG31012,QUADNET TG31012,31012,31012
2020-11-20 08:58:29 UTC,16.29,GROUP VOICE,END,AREDN KP4CA HBLINK,330500490,330500490,TS1,TG31012,QUADNET TG31012,31012,31012
2020-11-20 08:59:31 UTC,3.98,GROUP VOICE,END,BORIKEN DMR NET MASTER,330500990,330500990,TS2,TG4630,Boriken DMR Net REF4630-PR,3305009,KP4CA, Carlos Minguela
2020-11-20 08:59:39 UTC,3.98,GROUP VOICE,END,AREDN KP4CA HBLINK,330500490,330500490,TS1,TG4630,Boriken DMR Net REF4630-PR,3305009,KP4CA, Carlos Minguela
2020-11-20 09:00:07 UTC,5.17,GROUP VOICE,END,BM3103-OBP,3103,3103,TS1,TG7225,ARG Multi-Protocolo TG7225,7220239,LU8ANB, Claudio Szt
2020-11-20 09:00:14 UTC,5.17,GROUP VOICE,END,AREDN KP4CA HBLINK,330500490,330500490,TS1,TG7225,ARG Multi-Protocolo TG7225,7220239,LU8ANB, Claudio Szt
2020-11-20 09:02:49 UTC,6.74,GROUP VOICE,END,DMR+ REF4630 PR,330500920,330500920,TS2,TG9,TG LOCAL,4630,4630
2020-11-20 09:02:57 UTC,6.74,GROUP VOICE,END,AREDN KP4CA HBLINK,330500490,330500490,TS1,TG9,TG LOCAL,4630,4630
2020-11-20 09:03:21 UTC,3.15,GROUP VOICE,END,BORIKEN DMR NET MASTER,330500990,330500990,TS2,TG4630,Boriken DMR Net REF4630-PR,3305009,KP4CA, Carlos Minguela
2020-11-20 09:03:27 UTC,3.15,GROUP VOICE,END,AREDN KP4CA HBLINK,330500490,330500490,TS1,TG4630,Boriken DMR Net REF4630-PR,3305009,KP4CA, Carlos Minguela
2020-11-20 09:05:26 UTC,44.08,GROUP VOICE,END,BM3103-OBP,3103,3103,TS1,TG7227,ARGENTINA LINK TG7227,7220003,LU2CJM, Julio Cesar Marino
2020-11-20 09:05:32 UTC,44.08,GROUP VOICE,END,AREDN KP4CA HBLINK,330500490,330500490,TS1,TG7227,ARGENTINA LINK TG7227,7220003,LU2CJM, Julio Cesar Marino
2020-11-20 09:08:02 UTC,40.69,GROUP VOICE,END,BM3103-OBP,3103,3103,TS1,TG7227,ARGENTINA LINK TG7227,7220003,LU2CJM, Julio Cesar Marino
2020-11-20 09:08:12 UTC,40.69,GROUP VOICE,END,AREDN KP4CA HBLINK,330500490,330500490,TS1,TG7227,ARGENTINA LINK TG7227,7220003,LU2CJM, Julio Cesar Marino
2020-11-20 09:09:47 UTC,57.31,GROUP VOICE,END,BM3103-OBP,3103,3103,TS1,TG7227,ARGENTINA LINK TG7227,7220003,LU2CJM, Julio Cesar Marino
2020-11-20 09:09:52 UTC,57.31,GROUP VOICE,END,AREDN KP4CA HBLINK,330500490,330500490,TS1,TG7227,ARGENTINA LINK TG7227,7220003,LU2CJM, Julio Cesar Marino
2020-11-20 09:12:32 UTC,105.00,GROUP VOICE,END,BM3103-OBP,3103,3103,TS1,TG7227,ARGENTINA LINK TG7227,7220003,LU2CJM, Julio Cesar Marino
2020-11-20 09:12:42 UTC,105.00,GROUP VOICE,END,AREDN KP4CA HBLINK,330500490,330500490,TS1,TG7227,ARGENTINA LINK TG7227,7220003,LU2CJM, Julio Cesar Marino
2020-11-20 09:13:25 UTC,4.30,GROUP VOICE,END,BM3103-OBP,3103,3103,TS1,TG7227,ARGENTINA LINK TG7227,7220003,LU2CJM, Julio Cesar Marino
2020-11-20 09:13:32 UTC,4.30,GROUP VOICE,END,AREDN KP4CA HBLINK,330500490,330500490,TS1,TG7227,ARGENTINA LINK TG7227,7220003,LU2CJM, Julio Cesar Marino
